Traceback (most recent call last):
  File "/opt/hostedtoolcache/Python/3.9.21/x64/lib/python3.9/site-packages/jupyter_cache/executors/utils.py", line 58, in single_nb_execution
    executenb(
  File "/opt/hostedtoolcache/Python/3.9.21/x64/lib/python3.9/site-packages/nbclient/client.py", line 1319, in execute
    return NotebookClient(nb=nb, resources=resources, km=km, **kwargs).execute()
  File "/opt/hostedtoolcache/Python/3.9.21/x64/lib/python3.9/site-packages/jupyter_core/utils/__init__.py", line 165, in wrapped
    return loop.run_until_complete(inner)
  File "/opt/hostedtoolcache/Python/3.9.21/x64/lib/python3.9/asyncio/base_events.py", line 647, in run_until_complete
    return future.result()
  File "/opt/hostedtoolcache/Python/3.9.21/x64/lib/python3.9/site-packages/nbclient/client.py", line 709, in async_execute
    await self.async_execute_cell(
  File "/opt/hostedtoolcache/Python/3.9.21/x64/lib/python3.9/site-packages/nbclient/client.py", line 1062, in async_execute_cell
    await self._check_raise_for_error(cell, cell_index, exec_reply)
  File "/opt/hostedtoolcache/Python/3.9.21/x64/lib/python3.9/site-packages/nbclient/client.py", line 918, in _check_raise_for_error
    raise CellExecutionError.from_cell_and_msg(cell, exec_reply_content)
nbclient.exceptions.CellExecutionError: An error occurred while executing the following cell:
------------------
# poisson distribution for different values of lambda

l = [0.1, 0.5, 1, 5]
repetitions = 10000

fig, ax = plt.subplots(1, len(n), figsize=(20, 6))
for i, l_ in enumerate(l):
    samples = np.random.poisson(l_, repetitions)
    ax[i].hist(samples, bins=15, density=True)
    ax[i].set_xlim(0, np.max(samples))
    ax[i].set_title(f"$\lambda$ = {l_}")
    ax[i].set_xlabel("r")
    ax[i].set_ylabel(r"P(x=r)")
plt.tight_layout()
------------------


[0;31m---------------------------------------------------------------------------[0m
[0;31mTypeError[0m                                 Traceback (most recent call last)
Cell [0;32mIn[5], line 6[0m
[1;32m      3[0m l [38;5;241m=[39m [[38;5;241m0.1[39m, [38;5;241m0.5[39m, [38;5;241m1[39m, [38;5;241m5[39m]
[1;32m      4[0m repetitions [38;5;241m=[39m [38;5;241m10000[39m
[0;32m----> 6[0m fig, ax [38;5;241m=[39m plt[38;5;241m.[39msubplots([38;5;241m1[39m, [38;5;28;43mlen[39;49m[43m([49m[43mn[49m[43m)[49m, figsize[38;5;241m=[39m([38;5;241m20[39m, [38;5;241m6[39m))
[1;32m      7[0m [38;5;28;01mfor[39;00m i, l_ [38;5;129;01min[39;00m [38;5;28menumerate[39m(l):
[1;32m      8[0m     samples [38;5;241m=[39m np[38;5;241m.[39mrandom[38;5;241m.[39mpoisson(l_, repetitions)

[0;31mTypeError[0m: object of type 'int' has no len()

